<?xml version="1.0" encoding="UTF-8"?>
<testsuite name="rspec" tests="20" skipped="0" failures="1" errors="0" time="0.052154" timestamp="2019-10-10T21:11:22-03:00" hostname="WKSJUN000412">
<properties>
<property name="seed" value="61600"/>
</properties>
<testcase classname="spec.avengers_spec" name="AvengersHeadQuarter deve eadicionar um vingador" file="./spec/avengers_spec.rb" time="0.002427"></testcase>
<testcase classname="spec.avengers_spec" name="AvengersHeadQuarter deve adicionar uma lista de vongadores" file="./spec/avengers_spec.rb" time="0.009351"></testcase>
<testcase classname="spec.avengers_spec" name="AvengersHeadQuarter thor deve ser o primeiro da lista" file="./spec/avengers_spec.rb" time="0.002489"></testcase>
<testcase classname="spec.avengers_spec" name="AvengersHeadQuarter ironman deve ser o ultimo da lista" file="./spec/avengers_spec.rb" time="0.000051"></testcase>
<testcase classname="spec.avengers_spec" name="AvengersHeadQuarter deve conter o sobrenome" file="./spec/avengers_spec.rb" time="0.002494"></testcase>
<testcase classname="spec.bank.saquecc_spec" name="ContaCorrente Saque quando o valor é positivo entao atualiza saldo" file="./spec/bank/saquecc_spec.rb" time="0.000048"></testcase>
<testcase classname="spec.bank.saquecc_spec" name="ContaCorrente Saque quando o saldo é zero vejo mensagem" file="./spec/bank/saquecc_spec.rb" time="0.000039"></testcase>
<testcase classname="spec.bank.saquecc_spec" name="ContaCorrente Saque quando o saldo é zero meu saldo permmanece zerado" file="./spec/bank/saquecc_spec.rb" time="0.000035"></testcase>
<testcase classname="spec.bank.saquecc_spec" name="ContaCorrente Saque quando o saldo é insuficiente vejo mensagem" file="./spec/bank/saquecc_spec.rb" time="0.000037"></testcase>
<testcase classname="spec.bank.saquecc_spec" name="ContaCorrente Saque quando o saldo é insuficiente meu saldo permmanece o mesmo" file="./spec/bank/saquecc_spec.rb" time="0.000036"></testcase>
<testcase classname="spec.bank.saquecc_spec" name="ContaCorrente Saque quando o valor do saque é maior que o limite por transação vejo mensagem" file="./spec/bank/saquecc_spec.rb" time="0.000082"></testcase>
<testcase classname="spec.bank.saquecc_spec" name="ContaCorrente Saque quando o valor do saque é maior que o limite por transação meu saldo permmanece o mesmo" file="./spec/bank/saquecc_spec.rb" time="0.000054"></testcase>
<testcase classname="spec.bank.saquecp_spec" name="ContaPoupanca Saque quando o valor é positivo entao atualiza saldo" file="./spec/bank/saquecp_spec.rb" time="0.027820"><failure message="
expected: 798.0
     got: 797.99

(compared using eql?)
" type="RSpec::Expectations::ExpectationNotMetError">Failure/Error: expect(@contacp.saldo).to eql 798.00

  expected: 798.0
       got: 797.99

  (compared using eql?)
./spec/bank/saquecp_spec.rb:14:in `block (4 levels) in &lt;top (required)&gt;&apos;</failure></testcase>
<testcase classname="spec.bank.saquecp_spec" name="ContaPoupanca Saque quando o saldo é zero vejo mensagem" file="./spec/bank/saquecp_spec.rb" time="0.000091"></testcase>
<testcase classname="spec.bank.saquecp_spec" name="ContaPoupanca Saque quando o saldo é zero meu saldo permmanece zerado" file="./spec/bank/saquecp_spec.rb" time="0.000042"></testcase>
<testcase classname="spec.bank.saquecp_spec" name="ContaPoupanca Saque quando o saldo é insuficiente vejo mensagem" file="./spec/bank/saquecp_spec.rb" time="0.000056"></testcase>
<testcase classname="spec.bank.saquecp_spec" name="ContaPoupanca Saque quando o saldo é insuficiente meu saldo permmanece o mesmo" file="./spec/bank/saquecp_spec.rb" time="0.000038"></testcase>
<testcase classname="spec.bank.saquecp_spec" name="ContaPoupanca Saque quando o valor do saque é maior que o limite por transação vejo mensagem" file="./spec/bank/saquecp_spec.rb" time="0.000039"></testcase>
<testcase classname="spec.bank.saquecp_spec" name="ContaPoupanca Saque quando o valor do saque é maior que o limite por transação meu saldo permmanece o mesmo" file="./spec/bank/saquecp_spec.rb" time="0.000035"></testcase>
<testcase classname="spec.exemplos_spec" name="suite rspec soma de valores" file="./spec/exemplos_spec.rb" time="0.000036"></testcase>
</testsuite>
